{
  "RSpec": {
    "coverage": {
      "/Users/Jori/turing/3module/projects/rails_engine/app/models/invoice.rb": [
        1,
        1,
        1,
        1,
        1,
        1,
        null,
        1,
        null
      ],
      "/Users/Jori/turing/3module/projects/rails_engine/app/models/application_record.rb": [
        1,
        1,
        null
      ],
      "/Users/Jori/turing/3module/projects/rails_engine/app/models/merchant.rb": [
        1,
        1,
        1,
        1,
        1,
        null,
        1,
        null,
        null,
        null,
        null,
        null,
        null,
        0,
        null,
        null,
        1,
        null,
        null,
        null,
        null,
        null,
        null,
        0,
        null,
        null,
        1,
        null,
        null,
        0,
        0,
        null,
        null
      ],
      "/Users/Jori/turing/3module/projects/rails_engine/app/models/customer.rb": [
        1,
        1,
        null
      ],
      "/Users/Jori/turing/3module/projects/rails_engine/app/controllers/api/v1/invoices_controller.rb": [
        1,
        null,
        1,
        1,
        null,
        null,
        1,
        1,
        null,
        null
      ],
      "/Users/Jori/turing/3module/projects/rails_engine/app/controllers/application_controller.rb": [
        1,
        null
      ],
      "/Users/Jori/turing/3module/projects/rails_engine/app/serializers/invoice_serializer.rb": [
        1,
        1,
        1,
        null
      ],
      "/Users/Jori/turing/3module/projects/rails_engine/app/controllers/api/v1/invoices/find_controller.rb": [
        1,
        null,
        1,
        0,
        null,
        null,
        1,
        2,
        null,
        null,
        1,
        null,
        1,
        2,
        null,
        null
      ],
      "/Users/Jori/turing/3module/projects/rails_engine/app/mailers/application_mailer.rb": [
        0,
        0,
        0,
        0
      ],
      "/Users/Jori/turing/3module/projects/rails_engine/app/models/item.rb": [
        0,
        0,
        0,
        0,
        null,
        0,
        null,
        0,
        null,
        0,
        0,
        0,
        0,
        0,
        0,
        0,
        0,
        null,
        0,
        null,
        0,
        0
      ],
      "/Users/Jori/turing/3module/projects/rails_engine/app/models/invoice_item.rb": [
        0,
        0,
        0,
        null,
        0,
        0
      ],
      "/Users/Jori/turing/3module/projects/rails_engine/app/models/transaction.rb": [
        0,
        0,
        0,
        null,
        0,
        0
      ],
      "/Users/Jori/turing/3module/projects/rails_engine/app/serializers/merchant_serializer.rb": [
        0,
        0,
        0,
        0
      ],
      "/Users/Jori/turing/3module/projects/rails_engine/app/serializers/revenue_serializer.rb": [
        0,
        0,
        0,
        0
      ],
      "/Users/Jori/turing/3module/projects/rails_engine/app/serializers/item_serializer.rb": [
        0,
        0,
        0,
        null,
        0,
        null,
        0,
        0,
        0
      ],
      "/Users/Jori/turing/3module/projects/rails_engine/app/jobs/application_job.rb": [
        0,
        0
      ],
      "/Users/Jori/turing/3module/projects/rails_engine/app/controllers/api/v1/merchants_controller.rb": [
        0,
        null,
        0,
        0,
        0,
        null,
        0,
        0,
        0,
        0
      ],
      "/Users/Jori/turing/3module/projects/rails_engine/app/controllers/api/v1/merchants/find_controller.rb": [
        0,
        null,
        0,
        0,
        0,
        null,
        0,
        0,
        0,
        null,
        0,
        null,
        0,
        0,
        0,
        0
      ],
      "/Users/Jori/turing/3module/projects/rails_engine/app/controllers/api/v1/merchants/most_items_controller.rb": [
        0,
        null,
        0,
        0,
        0,
        null,
        0
      ],
      "/Users/Jori/turing/3module/projects/rails_engine/app/controllers/api/v1/merchants/revenue_controller.rb": [
        0,
        null,
        0,
        0,
        null,
        0,
        0,
        0
      ],
      "/Users/Jori/turing/3module/projects/rails_engine/app/controllers/api/v1/merchants/most_revenue_controller.rb": [
        0,
        null,
        0,
        0,
        0,
        0
      ],
      "/Users/Jori/turing/3module/projects/rails_engine/app/controllers/api/v1/items_controller.rb": [
        0,
        null,
        0,
        0,
        0,
        null,
        0,
        0,
        0,
        0
      ],
      "/Users/Jori/turing/3module/projects/rails_engine/app/controllers/api/v1/items/find_controller.rb": [
        0,
        null,
        0,
        0,
        0,
        null,
        0,
        0,
        0,
        null,
        0,
        null,
        0,
        0,
        0,
        0
      ],
      "/Users/Jori/turing/3module/projects/rails_engine/app/controllers/api/v1/items/most_revenue_controller.rb": [
        0,
        null,
        0,
        0,
        0,
        null,
        0
      ],
      "/Users/Jori/turing/3module/projects/rails_engine/app/channels/application_cable/connection.rb": [
        0,
        0,
        0,
        0
      ],
      "/Users/Jori/turing/3module/projects/rails_engine/app/channels/application_cable/channel.rb": [
        0,
        0,
        0,
        0
      ]
    },
    "timestamp": 1565904649
  }
}
